01:29:33 **** Incremental Build of configuration Default for project HookSocket ****
"D:\\Android\\ADT\\android-ndk-r10d\\ndk-build.cmd" all 
Android NDK: WARNING:jni/Android.mk:hook: non-system libraries in linker flags: -lcrypto -lssl    
Android NDK:     This is likely to result in incorrect builds. Try using LOCAL_STATIC_LIBRARIES    
Android NDK:     or LOCAL_SHARED_LIBRARIES instead to list the library dependencies of the    
Android NDK:     current module    
[armeabi] Compile thumb  : hook <= hook.c
jni/hook.c: In function 'new_sendto':
jni/hook.c:89:2: warning: format '%x' expects argument of type 'unsigned int', but argument 4 has type 'ssize_t (*)(int,  const void *, size_t,  int,  const struct sockaddr *, int)' [-Wformat=]
  LOGD("[+] The OLD sendto real path %x", new_sendto);
  ^
jni/hook.c:90:2: warning: format '%x' expects argument of type 'unsigned int', but argument 4 has type 'int (*)(int,  const void *, size_t,  int,  const struct sockaddr *, socklen_t)' [-Wformat=]
  LOGD("[+] The NEW sendto real path %x", old_sendto);
  ^
jni/hook.c:92:12: warning: initialization discards 'const' qualifier from pointer target type [enabled by default]
  void *tmp=msg;
            ^
jni/hook.c:97:2: warning: format '%x' expects argument of type 'unsigned int', but argument 4 has type 'const struct sockaddr *' [-Wformat=]
  LOGD("[+] The to = %x", to);
  ^
jni/hook.c:98:2: warning: format '%s' expects argument of type 'char *', but argument 4 has type 'int' [-Wformat=]
  LOGD("[+] The tolen = %s", tolen);
  ^
jni/hook.c: In function 'new_recvfrom':
jni/hook.c:110:3: warning: format '%x' expects argument of type 'unsigned int', but argument 4 has type 'ssize_t (*)(int,  const void *, size_t,  int,  const struct sockaddr *, int)' [-Wformat=]
   LOGD("[+] The OLD recvfrom real path %x", new_sendto);
   ^
jni/hook.c:111:3: warning: format '%x' expects argument of type 'unsigned int', but argument 4 has type 'int (*)(int,  const void *, size_t,  int,  const struct sockaddr *, socklen_t)' [-Wformat=]
   LOGD("[+] The NEW recvfrom real path %x", old_sendto);
   ^
jni/hook.c:114:3: warning: format '%x' expects argument of type 'unsigned int', but argument 4 has type 'void *' [-Wformat=]
   LOGD("[+] The msg = %x", buf);
   ^
jni/hook.c:117:3: warning: format '%x' expects argument of type 'unsigned int', but argument 4 has type 'const struct sockaddr *' [-Wformat=]
   LOGD("[+] The to = %x", from);
   ^
jni/hook.c:118:3: warning: format '%s' expects argument of type 'char *', but argument 4 has type 'int *' [-Wformat=]
   LOGD("[+] The tolen = %s", fromlen);
   ^
jni/hook.c: In function 'new_open':
jni/hook.c:133:2: warning: format '%x' expects argument of type 'unsigned int', but argument 4 has type 'int (*)(const char *, int)' [-Wformat=]
  LOGD("[+] The OLD open real path %x", old_open);
  ^
jni/hook.c:134:2: warning: format '%x' expects argument of type 'unsigned int', but argument 4 has type 'int (*)(const char *, int)' [-Wformat=]
  LOGD("[+] The NEW open real path %x", new_open);
  ^
jni/hook.c: In function 'new_close':
jni/hook.c:180:2: warning: format '%x' expects argument of type 'unsigned int', but argument 4 has type 'int (*)(int)' [-Wformat=]
  LOGD("[+] The OLD close real path %x", old_close);
  ^
jni/hook.c:181:2: warning: format '%x' expects argument of type 'unsigned int', but argument 4 has type 'int (*)(int)' [-Wformat=]
  LOGD("[+] The NEW close real path %x", new_close);
  ^
jni/hook.c: In function 'do_hook':
jni/hook.c:236:2: warning: format '%u' expects argument of type 'unsigned int', but argument 4 has type 'int (*)(const char *, int)' [-Wformat=]
  snprintf(value, PROPERTY_VALUE_MAX, "%u", old_open);
  ^
jni/hook.c:237:17: warning: assignment makes integer from pointer without a cast [enabled by default]
  *old_open_addr = old_open;
                 ^
jni/hook.c:238:2: warning: format '%p' expects argument of type 'void *', but argument 4 has type 'long unsigned int' [-Wformat=]
  LOGD("[+] just for test print old_open address %p\n", *old_open_addr);
  ^
jni/hook.c:240:17: warning: assignment makes integer from pointer without a cast [enabled by default]
  *new_open_addr = new_open;
                 ^
jni/hook.c:241:2: warning: format '%p' expects argument of type 'void *', but argument 4 has type 'long unsigned int' [-Wformat=]
  LOGD("[+] just for test print new_open address %p\n", *new_open_addr);
  ^
jni/hook.c:244:18: warning: assignment makes integer from pointer without a cast [enabled by default]
  *old_close_addr = old_close;
                  ^
jni/hook.c:245:2: warning: format '%p' expects argument of type 'void *', but argument 4 has type 'long unsigned int' [-Wformat=]
  LOGD("[+] just for test print old_close address %p\n", *old_close_addr);
  ^
jni/hook.c:246:18: warning: assignment makes integer from pointer without a cast [enabled by default]
  *new_close_addr = new_close;
                  ^
jni/hook.c:247:2: warning: format '%p' expects argument of type 'void *', but argument 4 has type 'long unsigned int' [-Wformat=]
  LOGD("[+] just for test print new_close address %p\n", *new_close_addr);
  ^
[armeabi] SharedLibrary  : libhook.so
[armeabi] Install        : libhook.so => libs/armeabi/libhook.so
[armeabi] Install        : inj_dalvik => libs/armeabi/inj_dalvik

01:29:36 Build Finished (took 2s.820ms)

